/Users/an.brooks/Projects/dash/trading_bot/main.py:150: DeprecationWarning: 
        on_event is deprecated, use lifespan event handlers instead.

        Read more about it in the
        [FastAPI docs for Lifespan Events](https://fastapi.tiangolo.com/advanced/events/).
        
  @app.on_event("startup")
/Users/an.brooks/Projects/dash/trading_bot/main.py:160: DeprecationWarning: 
        on_event is deprecated, use lifespan event handlers instead.

        Read more about it in the
        [FastAPI docs for Lifespan Events](https://fastapi.tiangolo.com/advanced/events/).
        
  @app.on_event("shutdown")
INFO:     Started server process [75444]
INFO:     Waiting for application startup.
2026-03-24 09:55:58 INFO     SYSTEM-X Bot starting up...
2026-03-24 09:55:58 INFO     Poll thread started
INFO:     Application startup complete.
INFO:     Uvicorn running on http://0.0.0.0:8001 (Press CTRL+C to quit)
2026-03-24 09:55:59 INFO     check_and_manage_orders: 49 pending orders, 0 open trades, 0 tracked orders
2026-03-24 09:55:59 INFO     check_closed_trades: fetched 3 trades from OANDA
2026-03-24 09:56:00 WARNING  Signal EURUSD SHORT — has pending order in OANDA but not in state! Possible sync issue
2026-03-24 09:56:00 INFO     === PLACING ORDER: EURUSD SHORT entry=1.15844 ===
2026-03-24 09:56:00 INFO     Account balance: £2000.9846
2026-03-24 09:56:00 INFO     PLACING LIMIT SHORT EURUSD: entry=1.15844 sl=1.15874 tp=1.15784 units=66699
2026-03-24 09:56:00 INFO     Sending order to OANDA: EURUSD SHORT 66699 units at 1.15844
2026-03-24 09:56:00 INFO     Full OANDA response: {'orderCreateTransaction': {'id': '388', 'accountID': '101-004-38836191-001', 'userID': 38836191, 'batchID': '388', 'requestID': '79499741237045867', 'time': '2026-03-24T09:56:00.525984816Z', 'type': 'LIMIT_ORDER', 'instrument': 'EUR_USD', 'units': '66699', 'price': '1.15844', 'timeInForce': 'GTD', 'gtdTime': '2026-03-24T11:56:00.000000000Z', 'triggerCondition': 'DEFAULT', 'partialFill': 'DEFAULT', 'positionFill': 'DEFAULT', 'reason': 'CLIENT_ORDER'}, 'relatedTransactionIDs': ['388'], 'lastTransactionID': '388'}
2026-03-24 09:56:00 INFO     Order response: id=388, status=UNKNOWN, full={'orderCreateTransaction': {'id': '388', 'accountID': '101-004-38836191-001', 'userID': 38836191, 'batchID': '388', 'requestID': '79499741237045867', 'time': '2026-03-24T09:56:00.525984816Z', 'type': 'LIMIT_ORDER', 'instrument': 'EUR_USD', 'units': '66699', 'price': '1.15844', 'timeInForce': 'GTD', 'gtdTime': '2026-03-24T11:56:00.000000000Z', 'triggerCondition': 'DEFAULT', 'partialFill': 'DEFAULT', 'positionFill': 'DEFAULT', 'reason': 'CLIENT_ORDER'}, 'relatedTransactionIDs': ['388'], 'lastTransactionID': '388'}
2026-03-24 09:56:00 WARNING  Order not accepted: status=UNKNOWN, result={'orderCreateTransaction': {'id': '388', 'accountID': '101-004-38836191-001', 'userID': 38836191, 'batchID': '388', 'requestID': '79499741237045867', 'time': '2026-03-24T09:56:00.525984816Z', 'type': 'LIMIT_ORDER', 'instrument': 'EUR_USD', 'units': '66699', 'price': '1.15844', 'timeInForce': 'GTD', 'gtdTime': '2026-03-24T11:56:00.000000000Z', 'triggerCondition': 'DEFAULT', 'partialFill': 'DEFAULT', 'positionFill': 'DEFAULT', 'reason': 'CLIENT_ORDER'}, 'relatedTransactionIDs': ['388'], 'lastTransactionID': '388'}
2026-03-24 09:56:00 ERROR    === ORDER PLACEMENT FAILED: EURUSD ===
INFO:     127.0.0.1:59627 - "GET /health HTTP/1.1" 200 OK
2026-03-24 09:56:31 INFO     check_and_manage_orders: 50 pending orders, 0 open trades, 0 tracked orders
2026-03-24 09:56:31 INFO     check_closed_trades: fetched 3 trades from OANDA
2026-03-24 09:56:32 WARNING  Signal EURUSD SHORT — has pending order in OANDA but not in state! Possible sync issue
2026-03-24 09:56:32 INFO     === PLACING ORDER: EURUSD SHORT entry=1.15844 ===
2026-03-24 09:56:32 INFO     Account balance: £2000.9846
2026-03-24 09:56:32 INFO     PLACING LIMIT SHORT EURUSD: entry=1.15844 sl=1.15874 tp=1.15784 units=66699
2026-03-24 09:56:32 INFO     Sending order to OANDA: EURUSD SHORT 66699 units at 1.15844
2026-03-24 09:56:32 INFO     Full OANDA response: {'orderCreateTransaction': {'id': '390', 'accountID': '101-004-38836191-001', 'userID': 38836191, 'batchID': '390', 'requestID': '97514139878534081', 'time': '2026-03-24T09:56:32.484539372Z', 'type': 'LIMIT_ORDER', 'instrument': 'EUR_USD', 'units': '66699', 'price': '1.15844', 'timeInForce': 'GTD', 'gtdTime': '2026-03-24T11:56:32.000000000Z', 'triggerCondition': 'DEFAULT', 'partialFill': 'DEFAULT', 'positionFill': 'DEFAULT', 'reason': 'CLIENT_ORDER'}, 'relatedTransactionIDs': ['390'], 'lastTransactionID': '390'}
2026-03-24 09:56:32 INFO     Order response: id=390, status=UNKNOWN, full={'orderCreateTransaction': {'id': '390', 'accountID': '101-004-38836191-001', 'userID': 38836191, 'batchID': '390', 'requestID': '97514139878534081', 'time': '2026-03-24T09:56:32.484539372Z', 'type': 'LIMIT_ORDER', 'instrument': 'EUR_USD', 'units': '66699', 'price': '1.15844', 'timeInForce': 'GTD', 'gtdTime': '2026-03-24T11:56:32.000000000Z', 'triggerCondition': 'DEFAULT', 'partialFill': 'DEFAULT', 'positionFill': 'DEFAULT', 'reason': 'CLIENT_ORDER'}, 'relatedTransactionIDs': ['390'], 'lastTransactionID': '390'}
2026-03-24 09:56:32 WARNING  Order not accepted: status=UNKNOWN, result={'orderCreateTransaction': {'id': '390', 'accountID': '101-004-38836191-001', 'userID': 38836191, 'batchID': '390', 'requestID': '97514139878534081', 'time': '2026-03-24T09:56:32.484539372Z', 'type': 'LIMIT_ORDER', 'instrument': 'EUR_USD', 'units': '66699', 'price': '1.15844', 'timeInForce': 'GTD', 'gtdTime': '2026-03-24T11:56:32.000000000Z', 'triggerCondition': 'DEFAULT', 'partialFill': 'DEFAULT', 'positionFill': 'DEFAULT', 'reason': 'CLIENT_ORDER'}, 'relatedTransactionIDs': ['390'], 'lastTransactionID': '390'}
2026-03-24 09:56:32 ERROR    === ORDER PLACEMENT FAILED: EURUSD ===
2026-03-24 09:57:03 INFO     check_and_manage_orders: 50 pending orders, 0 open trades, 0 tracked orders
2026-03-24 09:57:03 INFO     check_closed_trades: fetched 3 trades from OANDA
2026-03-24 09:57:04 WARNING  Signal EURUSD SHORT — has pending order in OANDA but not in state! Possible sync issue
2026-03-24 09:57:04 INFO     === PLACING ORDER: EURUSD SHORT entry=1.15844 ===
2026-03-24 09:57:04 INFO     Account balance: £2000.9846
2026-03-24 09:57:04 INFO     PLACING LIMIT SHORT EURUSD: entry=1.15844 sl=1.15874 tp=1.15784 units=66699
2026-03-24 09:57:04 INFO     Sending order to OANDA: EURUSD SHORT 66699 units at 1.15844
2026-03-24 09:57:04 INFO     Full OANDA response: {'orderCreateTransaction': {'id': '392', 'accountID': '101-004-38836191-001', 'userID': 38836191, 'batchID': '392', 'requestID': '115528538522294516', 'time': '2026-03-24T09:57:04.426316185Z', 'type': 'LIMIT_ORDER', 'instrument': 'EUR_USD', 'units': '66699', 'price': '1.15844', 'timeInForce': 'GTD', 'gtdTime': '2026-03-24T11:57:04.000000000Z', 'triggerCondition': 'DEFAULT', 'partialFill': 'DEFAULT', 'positionFill': 'DEFAULT', 'reason': 'CLIENT_ORDER'}, 'relatedTransactionIDs': ['392'], 'lastTransactionID': '392'}
2026-03-24 09:57:04 INFO     Order response: id=392, status=UNKNOWN, full={'orderCreateTransaction': {'id': '392', 'accountID': '101-004-38836191-001', 'userID': 38836191, 'batchID': '392', 'requestID': '115528538522294516', 'time': '2026-03-24T09:57:04.426316185Z', 'type': 'LIMIT_ORDER', 'instrument': 'EUR_USD', 'units': '66699', 'price': '1.15844', 'timeInForce': 'GTD', 'gtdTime': '2026-03-24T11:57:04.000000000Z', 'triggerCondition': 'DEFAULT', 'partialFill': 'DEFAULT', 'positionFill': 'DEFAULT', 'reason': 'CLIENT_ORDER'}, 'relatedTransactionIDs': ['392'], 'lastTransactionID': '392'}
2026-03-24 09:57:04 WARNING  Order not accepted: status=UNKNOWN, result={'orderCreateTransaction': {'id': '392', 'accountID': '101-004-38836191-001', 'userID': 38836191, 'batchID': '392', 'requestID': '115528538522294516', 'time': '2026-03-24T09:57:04.426316185Z', 'type': 'LIMIT_ORDER', 'instrument': 'EUR_USD', 'units': '66699', 'price': '1.15844', 'timeInForce': 'GTD', 'gtdTime': '2026-03-24T11:57:04.000000000Z', 'triggerCondition': 'DEFAULT', 'partialFill': 'DEFAULT', 'positionFill': 'DEFAULT', 'reason': 'CLIENT_ORDER'}, 'relatedTransactionIDs': ['392'], 'lastTransactionID': '392'}
2026-03-24 09:57:04 ERROR    === ORDER PLACEMENT FAILED: EURUSD ===
