2026-03-20 18:11:07 INFO     SYSTEM-X Bot starting up...
2026-03-20 18:11:07 INFO     Poll thread started
2026-03-20 18:11:07 ERROR    Error checking orders: Illegal header value b'Bearer '
2026-03-20 18:11:07 ERROR    Error checking closed trades: Illegal header value b'Bearer '
2026-03-20 18:11:37 ERROR    Error checking orders: Illegal header value b'Bearer '
2026-03-20 18:11:38 ERROR    Error checking closed trades: Illegal header value b'Bearer '
2026-03-20 18:12:08 ERROR    Error checking orders: Illegal header value b'Bearer '
2026-03-20 18:12:08 ERROR    Error checking closed trades: Illegal header value b'Bearer '
2026-03-20 18:12:38 ERROR    Error checking orders: Illegal header value b'Bearer '
2026-03-20 18:12:38 ERROR    Error checking closed trades: Illegal header value b'Bearer '
2026-03-20 18:13:07 INFO     SYSTEM-X Bot shutting down...
2026-03-23 10:09:00 INFO     SYSTEM-X Bot starting up...
2026-03-23 10:09:00 INFO     Poll thread started
2026-03-23 10:09:01 INFO     TRADE CLOSED: 36 USDJPY LONG exit=159.221 pl=-0.10 reason=SL
2026-03-23 10:09:01 INFO     TRADE CLOSED: 18 GBPUSD SHORT exit=1.33232 pl=1.08 reason=TP
2026-03-23 10:09:01 INFO     TRADE CLOSED: 6 GBPUSD SHORT exit=1.33156 pl=-0.00 reason=SL
2026-03-23 14:30:09 INFO     PLACING LIMIT LONG GBPUSD: entry=1.34555 sl=1.34525 tp=1.34615 units=66699
2026-03-23 14:30:09 INFO     Limit order placed: 263 GBPUSD LONG
2026-03-23 14:30:41 INFO     Signal GBPUSD LONG — already has open order
2026-03-23 14:31:12 INFO     Signal GBPUSD LONG — already has open order
2026-03-23 14:31:44 INFO     Signal GBPUSD LONG — already has open order
2026-03-23 14:32:16 INFO     Signal GBPUSD LONG — already has open order
2026-03-23 14:32:47 INFO     Signal GBPUSD LONG — already has open order
2026-03-23 14:33:19 INFO     Signal GBPUSD LONG — already has open order
2026-03-23 14:33:50 INFO     Signal GBPUSD LONG — already has open order
2026-03-23 14:34:22 INFO     Signal GBPUSD LONG — already has open order
2026-03-23 14:34:53 INFO     Signal GBPUSD LONG — already has open order
2026-03-23 14:35:25 INFO     Signal GBPUSD LONG — already has open order
2026-03-23 14:35:56 INFO     Signal GBPUSD LONG — already has open order
2026-03-23 14:36:28 INFO     Signal GBPUSD LONG — already has open order
2026-03-23 14:36:59 INFO     Signal GBPUSD LONG — already has open order
2026-03-23 14:37:31 INFO     Signal GBPUSD LONG — already has open order
2026-03-23 14:38:02 INFO     Signal GBPUSD LONG — already has open order
2026-03-23 14:38:34 INFO     Signal GBPUSD LONG — already has open order
2026-03-23 14:39:05 INFO     Signal GBPUSD LONG — already has open order
2026-03-23 14:39:37 INFO     Signal GBPUSD LONG — already has open order
2026-03-23 14:43:48 INFO     Order 263 no longer pending — may have filled
2026-03-23 18:22:30 INFO     SYSTEM-X Bot starting up...
2026-03-23 18:22:30 INFO     Poll thread started
2026-03-23 18:22:30 INFO     SYSTEM-X Bot shutting down...
2026-03-23 18:24:46 INFO     SYSTEM-X Bot starting up...
2026-03-23 18:24:46 INFO     Poll thread started
2026-03-23 18:24:46 INFO     SYSTEM-X Bot shutting down...
